<?xml version="1.0" encoding="UTF-8"?>
<testng-results skipped="0" failed="0" ignored="0" total="1" passed="1">
  <reporter-output>
  </reporter-output>
  <suite name="Default suite" duration-ms="11544" started-at="2022-01-19T17:02:31 IST" finished-at="2022-01-19T17:02:43 IST">
    <groups>
    </groups>
    <test name="Default test" duration-ms="11544" started-at="2022-01-19T17:02:31 IST" finished-at="2022-01-19T17:02:43 IST">
      <class name="com.TestCase.TC_LoginTest_001">
        <test-method status="PASS" signature="setup()[pri:0, instance:com.TestCase.TC_LoginTest_001@6ec8211c]" name="setup" is-config="true" duration-ms="10657" started-at="2022-01-19T17:02:31 IST" finished-at="2022-01-19T17:02:42 IST">
          <reporter-output>
          </reporter-output>
        </test-method> <!-- setup -->
        <test-method status="PASS" signature="loginTest()[pri:0, instance:com.TestCase.TC_LoginTest_001@6ec8211c]" name="loginTest" duration-ms="24" started-at="2022-01-19T17:02:42 IST" finished-at="2022-01-19T17:02:42 IST">
          <reporter-output>
          </reporter-output>
        </test-method> <!-- loginTest -->
        <test-method status="PASS" signature="teardown()[pri:0, instance:com.TestCase.TC_LoginTest_001@6ec8211c]" name="teardown" is-config="true" duration-ms="805" started-at="2022-01-19T17:02:42 IST" finished-at="2022-01-19T17:02:43 IST">
          <reporter-output>
          </reporter-output>
        </test-method> <!-- teardown -->
      </class> <!-- com.TestCase.TC_LoginTest_001 -->
    </test> <!-- Default test -->
  </suite> <!-- Default suite -->
</testng-results>
